<LISTA_VARIABLES> -> ID
<LISTA_VARIABLES> -> <LISTA_VARIABLES> PUNTO_Y_COMA ID
<LISTA_VARIABLES> -> <LISTA_VARIABLES> PUNTO_Y_COMA ID
<LISTA_VARIABLES> -> <LISTA_VARIABLES> PUNTO_Y_COMA ID
<LISTA_VARIABLES> -> <LISTA_VARIABLES> PUNTO_Y_COMA ID
<LISTA_VARIABLES> -> <LISTA_VARIABLES> PUNTO_Y_COMA ID
<DECLARACION> -> TIPO_INT : <LISTA_VARIABLES>
<DECLARACIONES> -> <DECLARACION>
<LISTA_VARIABLES> -> ID
<DECLARACION> -> TIPO_STRING : <LISTA_VARIABLES>
<DECLARACIONES> -> <DECLARACIONES> <DECLARACION>
<LISTA_VARIABLES> -> ID
<DECLARACION> -> TIPO_FLOAT : <LISTA_VARIABLES>
<DECLARACIONES> -> <DECLARACIONES> <DECLARACION>
<BLOQUE_DECLARACIONES> -> INICIA_DEC <DECLARACIONES> FIN_DEC
	factorPtr -> 2
<FACTOR> -> ENTERO
	terminoPtr -> factorPtr
<TERMINO> -> <FACTOR>
	Apila el valor _2
		Estado de Pila = _2
	Pila -> terminoPtr
<EXPRESION> -> <TERMINO>
	Desapile el valor _2
		Estado de Pila =
	NODO [:=]
	IZQ[@NUMFACT], DER[_2]
	NODO [OP_MENOS]
	IZQ[@NUMFACT], DER[1]
	NODO [:=]
	IZQ[@NUMFACT], DER[OP_MENOS]
	NODO [*]
	IZQ[@SUM], DER[@NUMFACT]
	NODO [:=]
	IZQ[@SUM], DER[*]
	NODO [CUERPO]
	IZQ[:=], DER[:=]
	NODO [>]
	IZQ[@NUMFACT], DER[1]
	NODO [WHILE]
	IZQ[>], DER[CUERPO]
	NODO [:=]
	IZQ[@SUM], DER[1]
	NODO [PROGRAMA]
	IZQ[:=], DER[WHILE]
	NODO [FACT]
	IZQ[:=], DER[PROGRAMA]
<FUNCION> -> FACTORIAL(<EXPRESION>)
	factorPtr -> funcionPtr
<FACTOR> -> <FUNCION>
	terminoPtr -> factorPtr
<TERMINO> -> <FACTOR>
	Apila el valor FACT
		Estado de Pila = FACT
	Pila -> terminoPtr
<EXPRESION> -> <TERMINO>
	Desapile el valor FACT
		Estado de Pila =
	NODO [:=]
	IZQ[a], DER[FACT]
	asignacionPtr -> :=, ID, Pila
<ASIGNACION> -> ID ASIG <EXPRESION> PUNTO_Y_COMA
	sentenciaPtr -> asignacionPtr
<SENTENCIA> -> <ASIGNACION>
	programaPtr -> sentenciaPtr
	Apila el valor :=
		Estado de Pila = :=
<PROGRAMA> -> <SENTENCIA>
	factorPtr -> 1
<FACTOR> -> ENTERO
	terminoPtr -> factorPtr
<TERMINO> -> <FACTOR>
	Apila el valor _1
		Estado de Pila = := _1
	Pila -> terminoPtr
<EXPRESION> -> <TERMINO>
	factorPtr -> 2
<FACTOR> -> ENTERO
	terminoPtr -> factorPtr
<TERMINO> -> <FACTOR>
	Desapile el valor _1
		Estado de Pila = :=
	NODO [+]
	IZQ[_1], DER[_2]
	Apila el valor +
		Estado de Pila = := +
	Pila -> +, pila, terminoPtr
<EXPRESION> -> <EXPRESION> OP_SUMA <TERMINO>
	Desapile el valor +
		Estado de Pila = :=
	NODO [:=]
	IZQ[a], DER[+]
	asignacionPtr -> :=, ID, Pila
<ASIGNACION> -> ID ASIG <EXPRESION> PUNTO_Y_COMA
	sentenciaPtr -> asignacionPtr
<SENTENCIA> -> <ASIGNACION>
	Desapile el valor :=
		Estado de Pila =
	NODO [PROGRAMA]
	IZQ[:=], DER[:=]
	programaPtr -> PROGRAMA, pila, sentenciaPtr
	Apila el valor PROGRAMA
		Estado de Pila = PROGRAMA
<PROGRAMA> -> <PROGRAMA> <SENTENCIA>
	NODO [:=]
	IZQ[algo], DER[_algito]
	asignacionPtr -> :=, ID, algito
<ASIGNACION> -> ID ASIG STRING PUNTO_Y_COMA
	sentenciaPtr -> asignacionPtr
<SENTENCIA> -> <ASIGNACION>
	Desapile el valor PROGRAMA
		Estado de Pila =
	NODO [PROGRAMA]
	IZQ[PROGRAMA], DER[:=]
	programaPtr -> PROGRAMA, pila, sentenciaPtr
	Apila el valor PROGRAMA
		Estado de Pila = PROGRAMA
<PROGRAMA> -> <PROGRAMA> <SENTENCIA>
	factorPtr -> 3.0
<FACTOR> -> FLOAT
	terminoPtr -> factorPtr
<TERMINO> -> <FACTOR>
	Apila el valor _3.0
		Estado de Pila = PROGRAMA _3.0
	Pila -> terminoPtr
<EXPRESION> -> <TERMINO>
	Desapile el valor _3.0
		Estado de Pila = PROGRAMA
	NODO [:=]
	IZQ[fl], DER[_3.0]
	asignacionPtr -> :=, ID, Pila
<ASIGNACION> -> ID ASIG <EXPRESION> PUNTO_Y_COMA
	sentenciaPtr -> asignacionPtr
<SENTENCIA> -> <ASIGNACION>
	Desapile el valor PROGRAMA
		Estado de Pila =
	NODO [PROGRAMA]
	IZQ[PROGRAMA], DER[:=]
	programaPtr -> PROGRAMA, pila, sentenciaPtr
	Apila el valor PROGRAMA
		Estado de Pila = PROGRAMA
<PROGRAMA> -> <PROGRAMA> <SENTENCIA>
	factorPtr -> a
<FACTOR> -> ID
	terminoPtr -> factorPtr
<TERMINO> -> <FACTOR>
	Apila el valor a
		Estado de Pila = PROGRAMA a
	Pila -> terminoPtr
<EXPRESION> -> <TERMINO>
	comparadorPtr -> <
<COMPARADOR> -> OP_CMP_MENOR
	factorPtr -> 4
<FACTOR> -> ENTERO
	terminoPtr -> factorPtr
<TERMINO> -> <FACTOR>
	Apila el valor _4
		Estado de Pila = PROGRAMA a _4
	Pila -> terminoPtr
<EXPRESION> -> <TERMINO>
	Desapile el valor _4
		Estado de Pila = PROGRAMA a
	Desapile el valor a
		Estado de Pila = PROGRAMA
	NODO [<]
	IZQ[a], DER[_4]
	comparacionPtr -> comparadorPtr, Pila, Pila
	Apila el valor <
		Estado de Pila = PROGRAMA <
<COMPARACION> -> <EXPRESION> <COMPARADOR> <EXPRESION>
	condicionPtr -> comparacionPtr
<CONDICION> -> <COMPARACION>
	factorPtr -> c
<FACTOR> -> ID
	terminoPtr -> factorPtr
<TERMINO> -> <FACTOR>
	Apila el valor c
		Estado de Pila = PROGRAMA < c
	Pila -> terminoPtr
<EXPRESION> -> <TERMINO>
	factorPtr -> d
<FACTOR> -> ID
	terminoPtr -> factorPtr
<TERMINO> -> <FACTOR>
	Desapile el valor c
		Estado de Pila = PROGRAMA <
	NODO [+]
	IZQ[c], DER[d]
	Apila el valor +
		Estado de Pila = PROGRAMA < +
	Pila -> +, pila, terminoPtr
<EXPRESION> -> <EXPRESION> OP_SUMA <TERMINO>
	factorPtr -> pila
	Desapile el valor +
		Estado de Pila = PROGRAMA <
<FACTOR> -> (<EXPRESION>)
	terminoPtr -> factorPtr
<TERMINO> -> <FACTOR>
	Apila el valor +
		Estado de Pila = PROGRAMA < +
<TERMINO> -> <TERMINO> OP_MUL ...
	factorPtr -> 8
<FACTOR> -> ENTERO
	Desapile el valor +
		Estado de Pila = PROGRAMA <
	NODO [*]
	IZQ[+], DER[_8]
	terminoPtr -> *, pila, factorPtr
<TERMINO> -> <TERMINO> OP_MUL <FACTOR>
	Apila el valor *
		Estado de Pila = PROGRAMA < *
	Pila -> terminoPtr
<EXPRESION> -> <TERMINO>
	Desapile el valor *
		Estado de Pila = PROGRAMA <
	NODO [:=]
	IZQ[b], DER[*]
	asignacionPtr -> :=, ID, Pila
<ASIGNACION> -> ID ASIG <EXPRESION> PUNTO_Y_COMA
	sentenciaPtr -> asignacionPtr
<SENTENCIA> -> <ASIGNACION>
	programaPtr -> sentenciaPtr
	Apila el valor :=
		Estado de Pila = PROGRAMA < :=
<PROGRAMA> -> <SENTENCIA>
	factorPtr -> 2
<FACTOR> -> ENTERO
	terminoPtr -> factorPtr
<TERMINO> -> <FACTOR>
	Apila el valor _2
		Estado de Pila = PROGRAMA < := _2
	Pila -> terminoPtr
<EXPRESION> -> <TERMINO>
	Desapile el valor _2
		Estado de Pila = PROGRAMA < :=
	NODO [:=]
	IZQ[c], DER[_2]
	asignacionPtr -> :=, ID, Pila
<ASIGNACION> -> ID ASIG <EXPRESION> PUNTO_Y_COMA
	sentenciaPtr -> asignacionPtr
<SENTENCIA> -> <ASIGNACION>
	programaPtr -> sentenciaPtr
	Apila el valor :=
		Estado de Pila = PROGRAMA < := :=
<PROGRAMA> -> <SENTENCIA>
	Desapile el valor :=
		Estado de Pila = PROGRAMA < :=
	Desapile el valor :=
		Estado de Pila = PROGRAMA <
	NODO [CUERPO]
	IZQ[:=], DER[:=]
	Desapile el valor <
		Estado de Pila = PROGRAMA
	NODO [IF]
	IZQ[<], DER[CUERPO]
	seleccionPtr -> IF, Pila, nodo
<SELECCION> -> IF P_A <CONDICION> P_C L_A <PROGRAMA> L_C ELSE L_A <PROGRAMA> L_C
	sentenciaPtr -> Pila
<SENTENCIA> -> <SELECCION>
	Desapile el valor PROGRAMA
		Estado de Pila =
	NODO [PROGRAMA]
	IZQ[PROGRAMA], DER[IF]
	programaPtr -> PROGRAMA, pila, sentenciaPtr
	Apila el valor PROGRAMA
		Estado de Pila = PROGRAMA
<PROGRAMA> -> <PROGRAMA> <SENTENCIA>
	factorPtr -> 4
<FACTOR> -> ENTERO
	terminoPtr -> factorPtr
<TERMINO> -> <FACTOR>
	Apila el valor _4
		Estado de Pila = PROGRAMA _4
	Pila -> terminoPtr
<EXPRESION> -> <TERMINO>
	Desapile el valor _4
		Estado de Pila = PROGRAMA
	NODO [:=]
	IZQ[f], DER[_4]
	asignacionPtr -> :=, ID, Pila
<ASIGNACION> -> ID ASIG <EXPRESION> PUNTO_Y_COMA
	sentenciaPtr -> asignacionPtr
<SENTENCIA> -> <ASIGNACION>
	Desapile el valor PROGRAMA
		Estado de Pila =
	NODO [PROGRAMA]
	IZQ[PROGRAMA], DER[:=]
	programaPtr -> PROGRAMA, pila, sentenciaPtr
	Apila el valor PROGRAMA
		Estado de Pila = PROGRAMA
<PROGRAMA> -> <PROGRAMA> <SENTENCIA>
<ALGORITMO> -> <PROGRAMA>

COMPILACION OK
